 
                                                                                                                                                                                                                                                                
 
 
Variable Summary

            Measurement    Frequency
Role           Level         Count

INPUT        INTERVAL          5    
INPUT        NOMINAL           1    
REJECTED     INTERVAL          1    
REJECTED     NOMINAL           3    
SEGMENT      NOMINAL           1    
TIMEID       NOMINAL           1    
 
                                                                                                                                                                                                                                                                
 
 
Frequencies: _SEGMENT_

                                     Percent of
 Segment     Segment    Frequency       Total
Variable      Value       Count       Frequency

_SEGMENT_       1          25862       92.9753 
_SEGMENT_       2           1142        4.1056 
_SEGMENT_       3            812        2.9192 
 
                                                                                                                                                                                                                                                                
 
Variable: _SEGMENT_ Segment: 1 Count: 25862
Decision Tree Importance Profiles

Variable        Worth     Rank

stock_code    0.096425      1 
high          0.076229      2 
open          0.076192      3 
low           0.076168      4 
close         0.068896      5 
vol           0.053737      6 
 
                                                                                                                                                                                                                                                                
 
Variable: _SEGMENT_ Segment: 2 Count: 1142
Decision Tree Importance Profiles

Variable        Worth     Rank

high          0.077012      1 
open          0.076744      2 
low           0.076651      3 
stock_code    0.074736      4 
close         0.069482      5 
vol           0.001187      6 
 
                                                                                                                                                                                                                                                                
 
Variable: _SEGMENT_ Segment: 3 Count: 812
Decision Tree Importance Profiles

Variable        Worth     Rank

vol           0.055374      1 
stock_code    0.023641      2 
low           0.001003      3 
open          0.001001      4 
high          0.000992      5 
close         0.000468      6 
