*------------------------------------------------------------*
* Report Log
Date:                May 12, 2019
Time:                23:05:02
*------------------------------------------------------------*
11697  %let _nimpute = 0;
11698  data EMWS1.Impt_RESULT;
11699  label NAME = "%sysfunc(sasmsg(sashelp.dmine, meta_name_vlabel,        NOQUOTE))" METHOD = "%sysfunc(sasmsg(sashelp.dmine, rpt_imputemethod_vlabel, NOQUOTE))" IMPUTED = "%sysfunc(sasmsg(sashelp.dmine, rpt_imputedvar_vlabel,   NOQUOTE))" INDICATOR =
11700     "%sysfunc(sasmsg(sashelp.dmine, rpt_indicatorvar_vlabel, NOQUOTE))" VALUE = "%sysfunc(sasmsg(sashelp.dmine, rpt_imputevalue_vlabel,  NOQUOTE))" ROLE = "%sysfunc(sasmsg(sashelp.dmine, meta_role_vlabel,        NOQUOTE))" LEVEL =
11701     "%sysfunc(sasmsg(sashelp.dmine, meta_level_vlabel,       NOQUOTE))" LABEL = "%sysfunc(sasmsg(sashelp.dmine, meta_label_vlabel,       NOQUOTE))" TRAIN = "%sysfunc(sasmsg(sashelp.dmine, rpt_missingcount_vlabel, NOQUOTE, TRAIN))";
11702  set EMWS1.Impt_META(where=(IMPUTED ne '') keep=NAME METHOD IMP M VALUE ROLE NMISS LEVEL LABEL rename=(IMP=IMPUTED M=INDICATOR NMISS=TRAIN)) end=eof;
11703  if eof then call symput('_nimpute', '1');
11704  run;

NOTE: There were 3 observations read from the data set EMWS1.IMPT_META.
      WHERE IMPUTED not = ' ';
NOTE: The data set EMWS1.IMPT_RESULT has 3 observations and 9 variables.
NOTE: DATA statement used (Total process time):
      real time           0.01 seconds
      cpu time            0.00 seconds
      

11705  proc print data=EMWS1.Impt_RESULT(obs=500) label noobs;
11706  title9 "%sysfunc(sasmsg(sashelp.dmine, rpt_imputationsummary_title, NOQUOTE))";
11707  title10 "%sysfunc(sasmsg(sashelp.dmine, rpt_numberobs_title,         NOQUOTE))";
11708  run;

NOTE: There were 3 observations read from the data set EMWS1.IMPT_RESULT.
NOTE: The PROCEDURE PRINT printed page 2.
NOTE: PROCEDURE PRINT used (Total process time):
      real time           0.00 seconds
      cpu time            0.01 seconds
      

11709  proc freq data=EMWS1.Impt_RESULT noprint;
11710  table train /out=WORK.ImptSUMMARY nocum;
11711  run;

NOTE: There were 3 observations read from the data set EMWS1.IMPT_RESULT.
NOTE: The data set WORK.IMPTSUMMARY has 1 observations and 3 variables.
NOTE: PROCEDURE FREQ used (Total process time):
      real time           0.01 seconds
      cpu time            0.00 seconds
      

11712  proc sort data=WORK.ImptSUMMARY NOTHREADS;
11713  by descending TRAIN;
11714  run;

NOTE: There were 1 observations read from the data set WORK.IMPTSUMMARY.
NOTE: The data set WORK.IMPTSUMMARY has 1 observations and 3 variables.
NOTE: PROCEDURE SORT used (Total process time):
      real time           0.00 seconds
      cpu time            0.00 seconds
      

11715  proc print data=WORK.ImptSUMMARY(obs=100) label;
11716  label COUNT = "%sysfunc(sasmsg(sashelp.dmine, rpt_varcount_vlabel,  NOQUOTE))" PERCENT = "%sysfunc(sasmsg(sashelp.dmine, rpt_varpercent_vlabel,  NOQUOTE))";
11717  title9 ' ';
11718  title10 "%sysfunc(sasmsg(sashelp.dmine, rpt_missingvardistribution_title, NOQUOTE))";
11719  run;

NOTE: There were 1 observations read from the data set WORK.IMPTSUMMARY.
NOTE: The PROCEDURE PRINT printed page 3.
NOTE: PROCEDURE PRINT used (Total process time):
      real time           0.00 seconds
      cpu time            0.01 seconds
      

11720  data EMWS1.Impt_EMSCOREVAR;
11721  length Name $32 formula $70 file $200;
11722  keep NAME Formula file;
11723  set EMWS1.Impt_META end=eof;
11724  *set EMWS1.Impt_RESULT end=eof;
11725  if M ne '' then do;
11726  NAME= M;
11727  file="IMPUTECODE\"!!strip(NAME)!!'.sas';
11728  output;
11729  end;
11730  if IMP ne '' then do;
11731  NAME= IMP;
11732  file="IMPUTECODE\"!!strip(NAME)!!'.sas';
11733  output;
11734  end;
11735  run;

NOTE: Variable formula is uninitialized.
NOTE: There were 8 observations read from the data set EMWS1.IMPT_META.
NOTE: The data set EMWS1.IMPT_EMSCOREVAR has 11 observations and 3 variables.
NOTE: DATA statement used (Total process time):
      real time           0.00 seconds
      cpu time            0.00 seconds
      

