*------------------------------------------------------------*
* Training Log
Date:                May 12, 2019
Time:                23:05:00
*------------------------------------------------------------*
10866  proc freq data=EMWS1.Impt_VariableSet noprint;
10867  table ROLE*LEVEL/out=WORK.ImptMETA;
10868  run;

NOTE: There were 15 observations read from the data set EMWS1.IMPT_VARIABLESET.
NOTE: The data set WORK.IMPTMETA has 5 observations and 4 variables.
NOTE: PROCEDURE FREQ used (Total process time):
      real time           0.05 seconds
      cpu time            0.01 seconds
      

10869  proc print data=WORK.ImptMETA label noobs;
10870  var ROLE LEVEL COUNT;
10871  label ROLE = "%sysfunc(sasmsg(sashelp.dmine, meta_role_vlabel, NOQUOTE))" LEVEL = "%sysfunc(sasmsg(sashelp.dmine, meta_level_vlabel, NOQUOTE))" COUNT = "%sysfunc(sasmsg(sashelp.dmine, rpt_count_vlabel, NOQUOTE))";
10872  title9 ' ';
10873  title10 "%sysfunc(sasmsg(sashelp.dmine, rpt_varSummary_title  , NOQUOTE))";
10874  run;

NOTE: There were 5 observations read from the data set WORK.IMPTMETA.
NOTE: The PROCEDURE PRINT printed page 1.
NOTE: PROCEDURE PRINT used (Total process time):
      real time           0.00 seconds
      cpu time            0.01 seconds
      

10875  title10;

10893  data WORK.Impt_TREEINPUTS;
10894  set WORK.M2HAUKK1;
10895  if ROLE ne 'FREQ' then do;
10896  if ((ROLE in('TARGET','REJECTED') and useTree='D') or useTree='N') then delete;
10897  ROLE = 'INPUT';
10898  end;
10899  run;

NOTE: There were 8 observations read from the data set WORK.M2HAUKK1.
NOTE: The data set WORK.IMPT_TREEINPUTS has 7 observations and 23 variables.
NOTE: DATA statement used (Total process time):
      real time           0.00 seconds
      cpu time            0.00 seconds
      

10900  data WORK.M2HAUKK1;
10901  set WORK.M2HAUKK1;
10902  if METHOD in("TREE", "TREESURR") then role = 'TARGET';
10903  else if (role = 'REJECTED') then role = 'INPUT';
10904  run;

NOTE: There were 8 observations read from the data set WORK.M2HAUKK1.
NOTE: The data set WORK.M2HAUKK1 has 8 observations and 23 variables.
NOTE: DATA statement used (Total process time):
      real time           0.00 seconds
      cpu time            0.00 seconds
      

10905  *------------------------------------------------------------* ;
10906  * Impt: DMDBClass Macro ;
10907  *------------------------------------------------------------* ;
10908  %macro DMDBClass;
10909      REP_change_flag(ASC) REP_trade_flag(DESC) stock_code(ASC)
10910  %mend DMDBClass;
10911  *------------------------------------------------------------* ;
10912  * Impt: DMDBVar Macro ;
10913  *------------------------------------------------------------* ;
10914  %macro DMDBVar;
10915      LOG_REP_close LOG_REP_high LOG_REP_low LOG_REP_open vol
10916  %mend DMDBVar;
10917  *------------------------------------------------------------*;
10918  * Impt: Create DMDB;
10919  *------------------------------------------------------------*;
10920  proc dmdb batch data=EMWS1.Repl2_TRAIN
10921  dmdbcat=WORK.Impt_DMDB
10922  classout=WORK.Impt_DMDBCLASSOUT
10923  varout=WORK.IMPUTE_35RNRQV_DMDBVAROUT
10924  maxlevel = 513
10925  ;
10926  class %DMDBClass;
10927  var %DMDBVar;
10928  target
10929  REP_trade_flag
10930  ;
10931  run;

NOTE: Records processed = 135   Memory used = 511K.
NOTE: There were 135 observations read from the data set EMWS1.PART_TRAIN.
NOTE: View EMWS1.REPL2_TRAIN.VIEW used (Total process time):
      real time           0.05 seconds
      cpu time            0.06 seconds
      
NOTE: There were 135 observations read from the data set EMWS1.TRANS_TRAIN.
NOTE: There were 135 observations read from the data set EMWS1.REPL2_TRAIN.
NOTE: The data set WORK.IMPT_DMDBCLASSOUT has 13 observations and 9 variables.
NOTE: The data set WORK.IMPUTE_35RNRQV_DMDBVAROUT has 5 observations and 9 variables.
NOTE: PROCEDURE DMDB used (Total process time):
      real time           0.08 seconds
      cpu time            0.09 seconds
      

10932  quit;
10933  *--- end code ---*;

10934  proc sort data=WORK.Impt_DMDBCLASSOUT;
10935  by NAME;
10936  run;

NOTE: There were 13 observations read from the data set WORK.IMPT_DMDBCLASSOUT.
NOTE: The data set WORK.IMPT_DMDBCLASSOUT has 13 observations and 9 variables.
NOTE: PROCEDURE SORT used (Total process time):
      real time           0.00 seconds
      cpu time            0.01 seconds
      

10937  data WORK.Impt_DMDBCLASSOUT;
10938  retain missFlag;
10939  set WORK.Impt_DMDBCLASSOUT;
10940  by NAME;
10941  output;
10942  if first.name then missflag = 0;
10943  if (TYPE='C' and CRAW='') or (TYPE='N' and NRAW=.) then missflag = 1;
10944  if last.name and ^missFlag then do;
10945  if type = 'C' then do;
10946  LEVEL= '';
10947  CRAW = '';
10948  NRAW = .;
10949  end;
10950  else do;
10951  LEVEL='.';
10952  CRAW = '.';
10953  NRAW= .;
10954  end;
10955  FREQUENCY = 0;
10956  FREQPERCENT = 0;
10957  NMISSPERCENT = 0;
10958  output;
10959  end;
10960  run;

NOTE: There were 13 observations read from the data set WORK.IMPT_DMDBCLASSOUT.
NOTE: The data set WORK.IMPT_DMDBCLASSOUT has 16 observations and 10 variables.
NOTE: DATA statement used (Total process time):
      real time           0.00 seconds
      cpu time            0.00 seconds
      

10961  data WORK.Impt_MISS(KEEP=NAME NMISS PERCENTMISS);
10962  length NAME $32;
10963  set
10964  WORK.Impt_DMDBCLASSOUT(rename=(freqpercent=PERCENTMISS frequency=NMISS) where=((TYPE='C' and CRAW='') or (TYPE='N' and NRAW=.)))
10965  WORK.IMPUTE_35RNRQV_DMDBVAROUT
10966  ;
10967  if (NMISS ne . and N ne .) then PERCENTMISS = (NMISS/(NMISS+N))*100;
10968  run;

NOTE: There were 3 observations read from the data set WORK.IMPT_DMDBCLASSOUT.
      WHERE ((TYPE='C') and (CRAW=' ')) or ((TYPE='N') and (NRAW=.));
NOTE: There were 5 observations read from the data set WORK.IMPUTE_35RNRQV_DMDBVAROUT.
NOTE: The data set WORK.IMPT_MISS has 8 observations and 3 variables.
NOTE: DATA statement used (Total process time):
      real time           0.00 seconds
      cpu time            0.00 seconds
      

10969  proc sort data=WORK.M3HDMAXB NOTHREADS;
10970  by NAME;
10971  run;

NOTE: There were 8 observations read from the data set WORK.M3HDMAXB.
NOTE: The data set WORK.M3HDMAXB has 8 observations and 23 variables.
NOTE: PROCEDURE SORT used (Total process time):
      real time           0.00 seconds
      cpu time            0.01 seconds
      

10972  proc sort data=WORK.Impt_MISS NOTHREADS;
10973  by NAME;
10974  run;

NOTE: There were 8 observations read from the data set WORK.IMPT_MISS.
NOTE: The data set WORK.IMPT_MISS has 8 observations and 3 variables.
NOTE: PROCEDURE SORT used (Total process time):
      real time           0.00 seconds
      cpu time            0.00 seconds
      

10975  data WORK.M3HDMAXB;
10976  merge WORK.M3HDMAXB WORK.Impt_MISS(in=_b);
10977  by NAME;
10978  if _b then output;
10979  run;

NOTE: There were 8 observations read from the data set WORK.M3HDMAXB.
NOTE: There were 8 observations read from the data set WORK.IMPT_MISS.
NOTE: The data set WORK.M3HDMAXB has 8 observations and 25 variables.
NOTE: DATA statement used (Total process time):
      real time           0.00 seconds
      cpu time            0.01 seconds
      

10980  data WORK.M3HDMAXB;
10981  set WORK.M3HDMAXB;
10982  if 0<PERCENTMISS<50 and method ne 'NONE' then IMPUTE = 1;
10983  else IMPUTE = 0;
10984  run;

NOTE: There were 8 observations read from the data set WORK.M3HDMAXB.
NOTE: The data set WORK.M3HDMAXB has 8 observations and 26 variables.
NOTE: DATA statement used (Total process time):
      real time           0.00 seconds
      cpu time            0.01 seconds
      

10985  proc dmdb data=WORK.M3HDMAXB outtable=WORK.NEWNAMES nameserver;
10986  names NAME;
10987  prefix M_ IMP_;
10988  where IMPUTE=1;
10989  run;

NOTE: There were 3 observations read from the data set WORK.M3HDMAXB.
      WHERE IMPUTE=1;
NOTE: The data set WORK.NEWNAMES has 3 observations and 3 variables.
NOTE: PROCEDURE DMDB used (Total process time):
      real time           0.00 seconds
      cpu time            0.00 seconds
      

10990  data WORK.M3HDMAXB;
10991  merge WORK.M3HDMAXB WORK.NEWNAMES;
10992  by NAME;
10993  run;

NOTE: There were 8 observations read from the data set WORK.M3HDMAXB.
NOTE: There were 3 observations read from the data set WORK.NEWNAMES.
NOTE: The data set WORK.M3HDMAXB has 8 observations and 28 variables.
NOTE: DATA statement used (Total process time):
      real time           0.00 seconds
      cpu time            0.00 seconds
      

10994  proc dmdb data=WORK.M3HDMAXB outtable=WORK.NEWNAMES nameserver;
10995  names NAME;
10996  prefix M_;
10997  where IMPUTE=0;
10998  run;

NOTE: There were 5 observations read from the data set WORK.M3HDMAXB.
      WHERE IMPUTE=0;
NOTE: The data set WORK.NEWNAMES has 5 observations and 2 variables.
NOTE: PROCEDURE DMDB used (Total process time):
      real time           0.00 seconds
      cpu time            0.00 seconds
      

10999  data WORK.M3HDMAXB;
11000  merge WORK.M3HDMAXB WORK.NEWNAMES;
11001  by NAME;
11002  run;

NOTE: There were 8 observations read from the data set WORK.M3HDMAXB.
NOTE: There were 5 observations read from the data set WORK.NEWNAMES.
NOTE: The data set WORK.M3HDMAXB has 8 observations and 28 variables.
NOTE: DATA statement used (Total process time):
      real time           0.01 seconds
      cpu time            0.00 seconds
      

11003  data WORK.Impt;
11004  run;

NOTE: The data set WORK.IMPT has 1 observations and 0 variables.
NOTE: DATA statement used (Total process time):
      real time           0.00 seconds
      cpu time            0.00 seconds
      

11005  proc sort data=WORK.METASET1KCG0UX out=_imputevar(keep=NAME METHOD);
11006  by NAME;
11007  run;

NOTE: There were 3 observations read from the data set WORK.METASET1KCG0UX.
NOTE: The data set WORK._IMPUTEVAR has 3 observations and 2 variables.
NOTE: PROCEDURE SORT used (Total process time):
      real time           0.01 seconds
      cpu time            0.01 seconds
      

11008  proc sort data=WORK.IMPUTE_35RNRQV_DMDBVAROUT;
11009  by NAME;
11010  run;

NOTE: There were 5 observations read from the data set WORK.IMPUTE_35RNRQV_DMDBVAROUT.
NOTE: The data set WORK.IMPUTE_35RNRQV_DMDBVAROUT has 5 observations and 9 variables.
NOTE: PROCEDURE SORT used (Total process time):
      real time           0.00 seconds
      cpu time            0.00 seconds
      

11011  data _null_;
11012  merge WORK.IMPUTE_35RNRQV_DMDBVAROUT(in=_a) _imputeVar(in=_b);
11013  by NAME;
11014  if _N_=1 then do;
11015  call execute("data WORK._IMPUTEDMDB;");
11016  end;
11017  if _a and _b then do;
11018  select(METHOD);
11019  when('MEAN') value=mean;
11020  when('MIN') value=min;
11021  when('MAX') value=max;
11022  when('RANGE') value=(max-min);
11023  when('MIDRANGE') value=(max+min)/2;
11024  otherwise;
11025  end;
11026  call execute(NAME!!'='!!strip(put(value, best.))!!';');
11027  end;
11028  run;

WARNING: Multiple lengths were specified for the BY variable NAME by input data sets. This might cause unexpected results.
NOTE: There were 5 observations read from the data set WORK.IMPUTE_35RNRQV_DMDBVAROUT.
NOTE: There were 3 observations read from the data set WORK._IMPUTEVAR.
NOTE: DATA statement used (Total process time):
      real time           0.00 seconds
      cpu time            0.00 seconds
      

NOTE: CALL EXECUTE generated line.
1     + data WORK._IMPUTEDMDB;
2     + LOG_REP_high                    =0.9110992144;
3     + LOG_REP_low                     =0.900448506;
4     + LOG_REP_open                    =0.9045999876;

NOTE: The data set WORK._IMPUTEDMDB has 1 observations and 3 variables.
NOTE: DATA statement used (Total process time):
      real time           0.00 seconds
      cpu time            0.00 seconds
      

11029  data WORK.Impt;
11030  merge WORK.Impt WORK._IMPUTEDMDB;
11031  run;

NOTE: There were 1 observations read from the data set WORK.IMPT.
NOTE: There were 1 observations read from the data set WORK._IMPUTEDMDB.
NOTE: The data set WORK.IMPT has 1 observations and 3 variables.
NOTE: DATA statement used (Total process time):
      real time           0.00 seconds
      cpu time            0.00 seconds
      

NOTE: View EMWS1.REPL2_TRAIN.VIEW used (Total process time):
      real time           0.03 seconds
      cpu time            0.04 seconds
      
11032  proc transpose data=WORK.Impt out=WORK._IMPVALUE(drop =_LABEL_ rename=(_NAME_=NAME COL1=VALUE));
11033  var
11034  LOG_REP_high
11035  LOG_REP_low
11036  LOG_REP_open
11037  ;
11038  run;

WARNING: The variable _LABEL_ in the DROP, KEEP, or RENAME list has never been referenced.
NOTE: There were 1 observations read from the data set WORK.IMPT.
NOTE: The data set WORK._IMPVALUE has 3 observations and 2 variables.
NOTE: PROCEDURE TRANSPOSE used (Total process time):
      real time           0.01 seconds
      cpu time            0.00 seconds
      

11039  proc sort data=WORK._IMPVALUE NOTHREADS;
11040  by NAME;
11041  run;

NOTE: There were 3 observations read from the data set WORK._IMPVALUE.
NOTE: The data set WORK._IMPVALUE has 3 observations and 2 variables.
NOTE: PROCEDURE SORT used (Total process time):
      real time           0.00 seconds
      cpu time            0.00 seconds
      

11042  data EMWS1.Impt_META;
11043  merge WORK.M3HDMAXB WORK._IMPVALUE;
11044  by NAME;
11045  run;

NOTE: There were 8 observations read from the data set WORK.M3HDMAXB.
NOTE: There were 3 observations read from the data set WORK._IMPVALUE.
NOTE: The data set EMWS1.IMPT_META has 8 observations and 29 variables.
NOTE: DATA statement used (Total process time):
      real time           0.00 seconds
      cpu time            0.00 seconds
      

11046  proc print data=EMWS1.Impt_META(obs=500) label noobs;
11047  label NAME = "%sysfunc(sasmsg(sashelp.dmine, meta_name_vlabel,          NOQUOTE))" LABEL = "%sysfunc(sasmsg(sashelp.dmine, meta_label_vlabel,         NOQUOTE))" PERCENTMISS = "%sysfunc(sasmsg(sashelp.dmine, rpt_percentmissing_vlabel, NOQUOTE))";
11048  var NAME LABEL PERCENTMISS;
11049  where IMP eq '' and PERCENTMISS>50;
11050  title9 "%sysfunc(sasmsg(sashelp.dmine, rpt_rejectedsummary_title, NOQUOTE))";
11051  title10 "%sysfunc(sasmsg(sashelp.dmine, rpt_numberobs_title,         NOQUOTE))";
11052  run;

NOTE: No observations were selected from data set EMWS1.IMPT_META.
NOTE: There were 0 observations read from the data set EMWS1.IMPT_META.
      WHERE (IMP=' ') and (PERCENTMISS>50);
NOTE: PROCEDURE PRINT used (Total process time):
      real time           0.00 seconds
      cpu time            0.01 seconds
      

