*------------------------------------------------------------*
* Score Log
Date:                May 09, 2019
Time:                12:27:24
*------------------------------------------------------------*
11566  *------------------------------------------------------------*;
11567  * Ids: Computing metadata for DATA data;
11568  *------------------------------------------------------------*;

NOTE: View EMWS1.IDS_DATA.VIEW used (Total process time):
      real time           0.02 seconds
      cpu time            0.01 seconds
      
11569  data EMWS1.Ids_EMINFO;
11570  length TARGET KEY $32 DATA $43;
11571  TARGET="";
11572  KEY="IDSTABLE";
11573  DATA="AAEM61.STOCKS3_TRAIN";
11574  output;
11575  TARGET="trade_flag";
11576  KEY="DECDATA";
11577  DATA="EMWS1.Ids_trade_flag_DD";
11578  output;
11579  TARGET="trade_flag";
11580  KEY="DECMETA";
11581  DATA="EMWS1.Ids_trade_flag_DM";
11582  output;
11583  TARGET="";
11584  KEY="STATS";
11585  DATA="EMWS1.Ids_EMSTATDEFAULT";
11586  output;
11587  run;

NOTE: The data set EMWS1.IDS_EMINFO has 4 observations and 3 variables.
NOTE: DATA statement used (Total process time):
      real time           0.00 seconds
      cpu time            0.01 seconds
      

NOTE: View EMWS1.IDS_DATA.VIEW used (Total process time):
      real time           0.01 seconds
      cpu time            0.01 seconds
      
11588  data EMWS1.Ids_CMeta_DATA;
11589  set EMWS1.Ids_VariableSet;
11590  drop DROP;
11591  where DROP='N';
11592  run;

NOTE: There were 10 observations read from the data set EMWS1.IDS_VARIABLESET.
      WHERE DROP='N';
NOTE: The data set EMWS1.IDS_CMETA_DATA has 10 observations and 20 variables.
NOTE: DATA statement used (Total process time):
      real time           0.00 seconds
      cpu time            0.00 seconds
      

