 
                                                                                               
 
 
Fit Statistics

Target=REP_trade_flag Target Label=Replacement: trade_flag

   Fit
Statistics    Statistics Label                    Train    Validation

 _AIC_        Akaike's Information Criterion     60.231         .    
 _ASE_        Average Squared Error               0.000        0.011 
 _AVERR_      Average Error Function              0.001        0.264 
 _DFE_        Degrees of Freedom for Error      240.000         .    
 _DFM_        Model Degrees of Freedom           30.000         .    
 _DFT_        Total Degrees of Freedom          270.000         .    
 _DIV_        Divisor for ASE                   405.000      183.000 
 _ERR_        Error Function                      0.231       48.390 
 _FPE_        Final Prediction Error              0.000         .    
 _MAX_        Maximum Absolute Error              0.015        1.000 
 _MSE_        Mean Square Error                   0.000        0.011 
 _NOBS_       Sum of Frequencies                135.000       61.000 
 _NW_         Number of Estimate Weights         30.000         .    
 _RASE_       Root Average Sum of Squares         0.002        0.105 
 _RFPE_       Root Final Prediction Error         0.003         .    
 _RMSE_       Root Mean Squared Error             0.003        0.105 
 _SBC_        Schwarz's Bayesian Criterion      168.184         .    
 _SSE_        Sum of Squared Errors               0.002        2.017 
 _SUMW_       Sum of Case Weights Times Freq    405.000      183.000 
 _MISC_       Misclassification Rate              0.000        0.016 
 
                                                                                               
 
 
Classification Table

Data Role=TRAIN Target Variable=REP_trade_flag Target Label=Replacement: trade_flag

                       Target        Outcome     Frequency       Total
Target    Outcome    Percentage    Percentage      Count      Percentage

  B          B           100           100           24         17.7778 
  H          H           100           100           43         31.8519 
  S          S           100           100           68         50.3704 


Data Role=VALIDATE Target Variable=REP_trade_flag Target Label=Replacement: trade_flag

                       Target        Outcome     Frequency       Total
Target    Outcome    Percentage    Percentage      Count      Percentage

  B          B         100.000        90.909         10         16.3934 
  H          H         100.000       100.000         20         32.7869 
  B          S           3.226         9.091          1          1.6393 
  S          S          96.774       100.000         30         49.1803 
 
                                                                                               
 
 
Event Classification Table

Data Role=TRAIN Target=REP_trade_flag Target Label=Replacement: trade_flag

  False       True        False       True
Negative    Negative    Positive    Positive

    0          67           .          68   


Data Role=VALIDATE Target=REP_trade_flag Target Label=Replacement: trade_flag

  False       True        False       True
Negative    Negative    Positive    Positive

    0          30           1          30   
 
                                                                                               
 
 
Assessment Score Rankings

Data Role=TRAIN Target Variable=REP_trade_flag Target Label=Replacement: trade_flag

                                                                                    Mean
                            Cumulative       %      Cumulative     Number of     Posterior
Depth     Gain      Lift       Lift      Response   % Response   Observations   Probability

   5    98.5294   1.98529     1.98529       100       100.000          7          1.00000  
  10    98.5294   1.98529     1.98529       100       100.000          7          1.00000  
  15    98.5294   1.98529     1.98529       100       100.000          7          1.00000  
  20    98.5294   1.98529     1.98529       100       100.000          6          1.00000  
  25    98.5294   1.98529     1.98529       100       100.000          7          1.00000  
  30    98.5294   1.98529     1.98529       100       100.000          7          1.00000  
  35    98.5294   1.98529     1.98529       100       100.000          7          1.00000  
  40    98.5294   1.98529     1.98529       100       100.000          6          1.00000  
  45    98.5294   1.98529     1.98529       100       100.000          7          0.99994  
  50    98.5294   1.98529     1.98529       100       100.000          7          0.99531  
  55    80.0000   0.00000     1.80000         0        90.667          7          0.00518  
  60    66.6667   0.00000     1.66667         0        83.951          6          0.00002  
  65    53.4091   0.00000     1.53409         0        77.273          7          0.00000  
  70    42.1053   0.00000     1.42105         0        71.579          7          0.00000  
  75    32.3529   0.00000     1.32353         0        66.667          7          0.00000  
  80    25.0000   0.00000     1.25000         0        62.963          6          0.00000  
  85    17.3913   0.00000     1.17391         0        59.130          7          0.00000  
  90    10.6557   0.00000     1.10656         0        55.738          7          0.00000  
  95     4.6512   0.00000     1.04651         0        52.713          7          0.00000  
 100     0.0000   0.00000     1.00000         0        50.370          6          0.00000  


Data Role=VALIDATE Target Variable=REP_trade_flag Target Label=Replacement: trade_flag

                                                                                    Mean
                            Cumulative       %      Cumulative     Number of     Posterior
Depth     Gain      Lift       Lift      Response   % Response   Observations   Probability

   5    91.3725   1.91373     1.91373      94.118     94.1176          4          1.00000  
  10    91.3725   1.91373     1.91373      94.118     94.1176          3          1.00000  
  15    91.3725   1.91373     1.91373      94.118     94.1176          3          1.00000  
  20    91.3725   1.91373     1.91373      94.118     94.1176          3          1.00000  
  25    91.3725   1.91373     1.91373      94.118     94.1176          3          1.00000  
  30    92.6316   1.99346     1.92632      98.039     94.7368          3          1.00000  
  35    94.0909   2.03333     1.94091     100.000     95.4545          3          1.00000  
  40    95.2000   2.03333     1.95200     100.000     96.0000          3          0.99999  
  45    96.0714   2.03333     1.96071     100.000     96.4286          3          0.99869  
  50    96.7742   2.03333     1.96774     100.000     96.7742          3          0.96786  
  55    79.4118   0.00000     1.79412       0.000     88.2353          3          0.00534  
  60    64.8649   0.00000     1.64865       0.000     81.0811          3          0.00001  
  65    52.5000   0.00000     1.52500       0.000     75.0000          3          0.00000  
  70    41.8605   0.00000     1.41860       0.000     69.7674          3          0.00000  
  75    32.6087   0.00000     1.32609       0.000     65.2174          3          0.00000  
  80    24.4898   0.00000     1.24490       0.000     61.2245          3          0.00000  
  85    17.3077   0.00000     1.17308       0.000     57.6923          3          0.00000  
  90    10.9091   0.00000     1.10909       0.000     54.5455          3          0.00000  
  95     5.1724   0.00000     1.05172       0.000     51.7241          3          0.00000  
 100     0.0000   0.00000     1.00000       0.000     49.1803          3          0.00000  
 
                                                                                               
 
 
Assessment Score Distribution

Data Role=TRAIN Target Variable=REP_trade_flag Target Label=Replacement: trade_flag

 Posterior     Number                     Mean
Probability      of      Number of     Posterior
   Range       Events    Nonevents    Probability    Percentage

 0.95-1.00       68           0         0.99951        50.3704 
 0.00-0.05        0          67         0.00054        49.6296 


Data Role=VALIDATE Target Variable=REP_trade_flag Target Label=Replacement: trade_flag

 Posterior     Number                     Mean
Probability      of      Number of     Posterior
   Range       Events    Nonevents    Probability    Percentage

 0.95-1.00       29           1         0.99916        49.1803 
 0.90-0.95        1           0         0.92489         1.6393 
 0.00-0.05        0          30         0.00054        49.1803 
