*------------------------------------------------------------*
* Score Log
Date:                May 13, 2019
Time:                15:29:40
*------------------------------------------------------------*
11279  filename emflow "C:\Users\dante\Documents\My SAS Files\9.4\stock3\Workspaces\EMWS1\Reg\EMFLOWSCORE.sas";
11280  *------------------------------------------------------------*;
11281  * Reg: Scoring DATA data;
11282  *------------------------------------------------------------*;
11283  data EMWS1.Reg_TRAIN
11284  / view=EMWS1.Reg_TRAIN
11285  ;
11286  set EMWS1.Impt_TRAIN
11287  ;
11288  %inc emflow;
11633  run;

NOTE: DATA STEP view saved on file EMWS1.REG_TRAIN.
NOTE: A stored DATA STEP view cannot run under a different operating system.
NOTE: View EMWS1.IMPT_TRAIN.VIEW used (Total process time):
      real time           0.07 seconds
      cpu time            0.07 seconds
      
NOTE: DATA statement used (Total process time):
      real time           0.09 seconds
      cpu time            0.09 seconds
      

11634  quit;
11635  filename emflow;
NOTE: Fileref EMFLOW has been deassigned.

11636  filename emflow "C:\Users\dante\Documents\My SAS Files\9.4\stock3\Workspaces\EMWS1\Reg\EMFLOWSCORE.sas";
11637  *------------------------------------------------------------*;
11638  * Reg: Scoring VALIDATE data;
11639  *------------------------------------------------------------*;
11640  data EMWS1.Reg_VALIDATE
11641  / view=EMWS1.Reg_VALIDATE
11642  ;
11643  set EMWS1.Impt_VALIDATE
11644  ;
11645  %inc emflow;
11990  run;

NOTE: DATA STEP view saved on file EMWS1.REG_VALIDATE.
NOTE: A stored DATA STEP view cannot run under a different operating system.
NOTE: View EMWS1.IMPT_VALIDATE.VIEW used (Total process time):
      real time           0.07 seconds
      cpu time            0.04 seconds
      
NOTE: DATA statement used (Total process time):
      real time           0.08 seconds
      cpu time            0.06 seconds
      

11991  quit;
11992  filename emflow;
NOTE: Fileref EMFLOW has been deassigned.

11993  *------------------------------------------------------------*;
11994  * Reg: Computing metadata for TRAIN data;
11995  *------------------------------------------------------------*;

NOTE: View EMWS1.REG_TRAIN.VIEW used (Total process time):
      real time           0.08 seconds
      cpu time            0.07 seconds
      
12350  data WORK.MODELTEMP_INFO;
12351  set EMWS1.Reg_EMINFO;
12352  where DATA='Reg' and KEY ^in('DECDATA', 'DECMETA', 'IMPORTANCE', 'MODEL');
12353  run;

NOTE: There were 0 observations read from the data set EMWS1.REG_EMINFO.
      WHERE (DATA='Reg') and KEY not in ('DECDATA', 'DECMETA', 'IMPORTANCE', 'MODEL');
NOTE: The data set WORK.MODELTEMP_INFO has 0 observations and 3 variables.
NOTE: DATA statement used (Total process time):
      real time           0.00 seconds
      cpu time            0.00 seconds
      

12354  data EMWS1.Reg_EMINFO;
12355  length TARGET KEY $32 DATA $43;
12356  input TARGET KEY DATA $;
12357  cards;

NOTE: The data set EMWS1.REG_EMINFO has 3 observations and 3 variables.
NOTE: DATA statement used (Total process time):
      real time           0.00 seconds
      cpu time            0.01 seconds
      

12361  run;
12362  data EMWS1.Reg_EMINFO;
12363  set EMWS1.Reg_EMINFO WORK.MODELTEMP_INFO;
12364  run;

NOTE: There were 3 observations read from the data set EMWS1.REG_EMINFO.
NOTE: There were 0 observations read from the data set WORK.MODELTEMP_INFO.
NOTE: The data set EMWS1.REG_EMINFO has 3 observations and 3 variables.
NOTE: DATA statement used (Total process time):
      real time           0.00 seconds
      cpu time            0.00 seconds
      

12365  proc sort data = EMWS1.Reg_EMINFO NOTHREADS;
12366  by TARGET KEY;
12367  run;

NOTE: There were 3 observations read from the data set EMWS1.REG_EMINFO.
NOTE: The data set EMWS1.REG_EMINFO has 3 observations and 3 variables.
NOTE: PROCEDURE SORT used (Total process time):
      real time           0.00 seconds
      cpu time            0.00 seconds
      

12368  proc sort data = EMWS1.Ids2_EMINFO OUT=WORK.SORTEDEMINFO NOTHREADS;
12369  by TARGET KEY;
12370  run;

NOTE: There were 4 observations read from the data set EMWS1.IDS2_EMINFO.
NOTE: The data set WORK.SORTEDEMINFO has 4 observations and 3 variables.
NOTE: PROCEDURE SORT used (Total process time):
      real time           0.00 seconds
      cpu time            0.00 seconds
      

12371  proc sort data = EMWS1.Reg_EMINFO OUT=WORK.TEMP_INFO NOTHREADS;
12372  by TARGET KEY;
12373  run;

NOTE: Input data set is already sorted; it has been copied to the output data set.
NOTE: There were 3 observations read from the data set EMWS1.REG_EMINFO.
NOTE: The data set WORK.TEMP_INFO has 3 observations and 3 variables.
NOTE: PROCEDURE SORT used (Total process time):
      real time           0.00 seconds
      cpu time            0.00 seconds
      

12374  data EMWS1.Reg_EMINFO;
12375  merge WORK.SORTEDEMINFO WORK.TEMP_INFO;
12376  by TARGET KEY;
12377  run;

NOTE: There were 4 observations read from the data set WORK.SORTEDEMINFO.
NOTE: There were 3 observations read from the data set WORK.TEMP_INFO.
NOTE: The data set EMWS1.REG_EMINFO has 7 observations and 3 variables.
NOTE: DATA statement used (Total process time):
      real time           0.00 seconds
      cpu time            0.00 seconds
      

12378  proc datasets lib=work nolist;
12379  delete TEMP_INFO SORTEDEMINFO;
12380  run;

NOTE: Deleting WORK.TEMP_INFO (memtype=DATA).
NOTE: Deleting WORK.SORTEDEMINFO (memtype=DATA).
12381  quit;

NOTE: PROCEDURE DATASETS used (Total process time):
      real time           0.00 seconds
      cpu time            0.00 seconds
      

NOTE: View EMWS1.REG_TRAIN.VIEW used (Total process time):
      real time           0.08 seconds
      cpu time            0.07 seconds
      
NOTE: View EMWS1.REG_VALIDATE.VIEW used (Total process time):
      real time           0.08 seconds
      cpu time            0.07 seconds
      
