*------------------------------------------------------------*
* Report Log
Date:                May 12, 2019
Time:                17:45:21
*------------------------------------------------------------*
16578  %let EMEXCEPTIONSTRING=;
16579  *------------------------------------------------------------*;
16580  * REPORT: FIMPORT;
16581  *------------------------------------------------------------*;
16582  %let EM_ACTION = REPORT;
16583  %let syscc = 0;
16584  /* Fimport.source */
16585  %macro main;
16586        %if %upcase(&EM_ACTION) = CREATE %then %do;
16587           filename temp catalog 'sashelp.emsamp.Fimport_create.source';
16588           %include temp;
16589           filename temp;
16590           %create;
16591        %end;
16592        %else
16593        %if %upcase(&EM_ACTION) = TRAIN %then %do;
16594           filename temp catalog 'sashelp.emsamp.Fimport_train.source';
16595           %include temp;
16596           filename temp;
16597           %train;
16598        %end;
16599        %else
16600        %if %upcase(&EM_ACTION) = UPDATE %then %do;
16601           filename temp catalog 'sashelp.emsamp.Fimport_update.source';
16602           %include temp;
16603           filename temp;
16604           %update;
16605        %end;
16606        %else
16607        %if %upcase(&EM_ACTION) = PROPERTY %then %do;
16608           filename temp catalog 'sashelp.emsamp.Fimport_actions.source';
16609           %include temp;
16610           filename temp;
16611           %property;
16612        %end;
16613         %else
16614        %if %upcase(&EM_ACTION) = SCORE %then %do;
16615           filename temp catalog 'sashelp.emsamp.Fimport_score.source';
16616           %include temp;
16617           filename temp;
16618           %score;
16619        %end;
16620        %else
16621        %if %upcase(&EM_ACTION) = REPORT %then %do;
16622           filename temp catalog 'sashelp.emsamp.Fimport_report.source';
16623           %include temp;
16624           filename temp;
16625           %report;
16626        %end;
16627        %else
16628        %if %upcase(&EM_ACTION) = OPENVARIABLESET %then %do;
16629           filename temp catalog 'sashelp.emsamp.Fimport_actions.source';
16630           %include temp;
16631           filename temp;
16632           %openvariableset;
16633        %end;
16634        %else
16635        %if %upcase(&EM_ACTION) = CLOSEVARIABLESET %then %do;
16636           filename temp catalog 'sashelp.emsamp.Fimport_actions.source';
16637           %include temp;
16638           filename temp;
16639           %closevariableset;
16640        %end;
16641  %mend main;
16642  %main;
NOTE: %INCLUDE (level 1) file TEMP is file SASHELP.EMSAMP.FIMPORT_REPORT.SOURCE.
16643 +%macro report;
16644 +    %em_getname(key=EMSTAT,     type=DATA);
16645 +    %em_getname(key=EMINFO,     type=DATA);
16646 +    %em_getname(key=CLASS,      type=DATA);
16647 +    %em_getname(key=INTERVAL,   type=DATA);
16648 +
16649 +    %em_REPORT(key=EMSTAT,   viewtype=DATA, description=EMSTAT, block=Report, autodisplay=Y);
16650 +    %em_REPORT(key=INTERVAL, viewtype=LATTICE, LATTICETYPE=HISTOGRAM, LATTICEX=VARIABLE, DISCRETEX=Y, X=VALUE,FREQ=PERCENT,block=Report, description=INTERVALTARGET, autodisplay=N);
16651 +    %em_REPORT(key=CLASS, viewtype=LATTICE, LATTICEtype=BAR, LATTICEX=VARIABLE, X=VALUE,FREQ=PERCENT, block=Report, description=CLASSTARGET, autodisplay=Y);
16652 +
16653 +    %if &em_property_summarize eq Y %then %do;
16654 +        filename temp catalog 'sashelp.emmeta.emadvisestatistics.source';
16655 +        %include temp;
16656 +        filename temp;
16657 +
16658 +        data work.tempmeta;
16659 +           set &em_lib..&em_nodeid._CMETA_TRAIN;
16660 +           if ROLE='TARGET' and LEVEL ne 'INTERVAL' then output;
16661 +         run;
16662 +
16663 +        %class_profile(DATA=&em_export_train, OUTPUT=&em_user_class, VARS=,
16664 +                      METADATA=tempmeta, STAT=_STAT, FREQ=);
16665 +
16666 +         data work.tempmeta;
16667 +           set &em_lib..&em_nodeid._CMETA_TRAIN;
16668 +            if ROLE='TARGET' and LEVEL eq 'INTERVAL' then output;
16669 +         run;
16670 +         %var_profile(DATA=&em_export_train, OUTPUT=&em_user_INTERVAL, VARS=, METADATA=tempmeta, COMPUTESTAT=Y, STAT=_STAT, FREQ=,
16671 +                   BINDATA=, BIN=Y, NUMBARS=8, MINMAX=N);
16672 +
16673 +        data work.tempmeta;
16674 +           set &em_lib..&em_nodeid._CMETA_TRAIN;
16675 +        run;
16676 +
16677 +        %if "&em_property_advancedadvisor" eq "N" %then %do;
16678 +            %EmAdviseStat(&em_export_train, maxClassLevels=32, metadata=tempmeta, statisticData=&em_user_emstat);
16679 +
16680 +            data &em_data_exportset;
16681 +                 set &em_data_exportset;
16682 +                 if NODEPORT='TRAIN' then do;
16683 +                    EMINFO="&em_data_eminfo";
16684 +                    EMINFOMODTIME=datetime();
16685 +                 end;
16686 +            run;
16687 +        %end;
16688 +        %else %do;
16689 +            %em_getname(key=EMSTATDEFAULT,     type=DATA);
16690 +            %if %sysfunc(exist(&em_user_emstatdefault)) %then %do;
16691 +                data &em_user_emstat /  view=&em_user_emstat;
16692 +                   set &em_user_emstatdefault;
16693 +                run;
16694 +            %end;
16695 +        %end;
16696 +    %end;
16697 +    %else %do;
16698 +        %if "&em_property_advancedadvisor" eq "N" %then %do;
16699 +            proc datasets lib=&em_lib nolist;
16700 +               delete &em_nodeid._EMINFO;
16701 +            run;
16702 +            quit;
16703 +            data &em_data_exportset;
16704 +                 set &em_data_exportset;
16705 +                 if NODEPORT='TRAIN' then do;
16706 +                    EMINFO="";
16707 +                    EMINFOMODTIME=.;
16708 +                 end;
16709 +            run;
16710 +        %end;
16711 +    %end;
16712 +
16713 +    data &em_data_exportset;
16714 +       set &em_data_exportset;
16715 +       if NODEPORT='TRAIN' then do;
16716 +          ROLE="&em_property_role";
16717 +       end;
16718 +    run;
16719 +
16720 +    %if %sysfunc(exist(&em_data_variableSet)) %then %do;
16721 +        proc freq data=&em_data_variableset noprint;
16722 +             table ROLE*LEVEL/out=work.tempMeta;
16723 +        run;
16724 +        proc print data=work.tempmeta label noobs;
16725 +           var ROLE LEVEL COUNT;
16726 +           label ROLE  = "%sysfunc(sasmsg(sashelp.dmine, meta_role_vlabel, NOQUOTE))"
16727 +                 LEVEL = "%sysfunc(sasmsg(sashelp.dmine, meta_level_vlabel, NOQUOTE))"
16728 +                 COUNT = "%sysfunc(sasmsg(sashelp.dmine, rpt_count_vlabel, NOQUOTE))";
16729 +        title9  ' ';
16730 +        title10  "%sysfunc(sasmsg(sashelp.dmine, rpt_exptattributes_title, NOQUOTE, TRAIN))";
16731 +        run;
16732 +        title10;
16733 +    %end;
16734 +
16735 +    %if %sysfunc(exist(work.tempmeta)) %then %do;
16736 +        proc datasets lib=work nolist;
16737 +           delete tempmeta;
16738 +        run;
16739 +        quit;
16740 +    %end;
16741 +
16742 +%mend report;
16743 +
16744 +
16745 +
16746 +
16747 +
16748 +
16749 +
16750 +
16751 +
16752 +
16753 +
16754 +
16755 +
16756 +
16757 +
16758 +
16759 +
16760 +
16761 +
16762 +
16763 +
16764 +
16765 +
16766 +
16767 +
16768 +
16769 +
16770 +
16771 +
16772 +
16773 +
16774 +
16775 +
16776 +
16777 +
16778 +
16779 +
16780 +
16781 +
16782 +
16783 +
16784 +
16785 +
16786 +
16787 +
16788 +
16789 +
16790 +
NOTE: %INCLUDE (level 1) ending.
NOTE: Fileref TEMP has been deassigned.

NOTE: The data set WORK.EM_USER_REPORT has 132 observations and 4 variables.
NOTE: DATA statement used (Total process time):
      real time           0.02 seconds
      cpu time            0.01 seconds
      


NOTE: There were 132 observations read from the data set WORK.EM_USER_REPORT.
NOTE: The data set WORK.EM_USER_REPORT has 264 observations and 4 variables.
NOTE: DATA statement used (Total process time):
      real time           0.02 seconds
      cpu time            0.01 seconds
      


NOTE: There were 264 observations read from the data set WORK.EM_USER_REPORT.
NOTE: The data set WORK.EM_USER_REPORT has 396 observations and 4 variables.
NOTE: DATA statement used (Total process time):
      real time           0.01 seconds
      cpu time            0.01 seconds
      


NOTE: The file EMWS1.FIMPORT_EMINFO (memtype=DATA) was not found, but appears on a DELETE statement.

NOTE: PROCEDURE DATASETS used (Total process time):
      real time           0.00 seconds
      cpu time            0.00 seconds
      


NOTE: There were 6 observations read from the data set EMWS1.FIMPORT_EXPORTSET.
NOTE: The data set EMWS1.FIMPORT_EXPORTSET has 6 observations and 18 variables.
NOTE: DATA statement used (Total process time):
      real time           0.00 seconds
      cpu time            0.01 seconds
      


NOTE: There were 6 observations read from the data set EMWS1.FIMPORT_EXPORTSET.
NOTE: The data set EMWS1.FIMPORT_EXPORTSET has 6 observations and 18 variables.
NOTE: DATA statement used (Total process time):
      real time           0.00 seconds
      cpu time            0.00 seconds
      


NOTE: There were 10 observations read from the data set EMWS1.FIMPORT_VARIABLESET.
NOTE: The data set WORK.TEMPMETA has 3 observations and 4 variables.
NOTE: PROCEDURE FREQ used (Total process time):
      real time           0.04 seconds
      cpu time            0.00 seconds
      


NOTE: There were 3 observations read from the data set WORK.TEMPMETA.
NOTE: The PROCEDURE PRINT printed page 3.
NOTE: PROCEDURE PRINT used (Total process time):
      real time           0.00 seconds
      cpu time            0.01 seconds
      


NOTE: Deleting WORK.TEMPMETA (memtype=DATA).

NOTE: PROCEDURE DATASETS used (Total process time):
      real time           0.00 seconds
      cpu time            0.00 seconds
      

16791  *------------------------------------------------------------*;
16792  * End REPORT: FIMPORT;
16793  *------------------------------------------------------------*;

16794  /* Reset EM Options */
16795  options formchar="|----|+|---+=|-/\<>*";
16796  options nocenter ls=256 ps=10000;
16797  goptions reset=all device=GIF NODISPLAY;

16798  proc sort data=WORK.EM_USER_REPORT;
16799  by ID VIEW;
16800  run;

NOTE: There were 396 observations read from the data set WORK.EM_USER_REPORT.
NOTE: The data set WORK.EM_USER_REPORT has 396 observations and 4 variables.
NOTE: PROCEDURE SORT used (Total process time):
      real time           0.00 seconds
      cpu time            0.00 seconds
      

