NOTE: PROCEDURE PRINTTO used (Total process time):
      real time           0.00 seconds
      cpu time            0.01 seconds
      

NOTE: 1625173 kilobytes of physical memory.
NOTE: The subtree sequence contains 5 subtrees. The largest has 9 nodes and 5 leaves.
NOTE: Will use 135 out of 135 training cases.
NOTE: Using memory pool with 59426816 bytes.
NOTE: The subtree sequence contains 5 subtrees. The largest has 9 nodes and 5 leaves.
NOTE: Using subtree with 9 nodes and 5 leaves.
NOTE: Created macro variable NLEAVES equal to 5.
NOTE: The data set EMWS1.TREE_OUTIMPORT has 7 observations and 6 variables.
NOTE: The data set EMWS1.TREE_EMTREE has 425 observations and 4 variables.
NOTE: The data set EMWS1.TREE_OUTNODES has 9 observations and 27 variables.
NOTE: The data set EMWS1.TREE_OUTPATH has 39 observations and 7 variables.
NOTE: The data set EMWS1.TREE_OUTRULES has 119 observations and 6 variables.
NOTE: The data set EMWS1.TREE_OUTSEQ has 5 observations and 20 variables.
NOTE: The data set EMWS1.TREE_OUTSTATS has 81 observations and 5 variables.
NOTE: The data set EMWS1.TREE_OUTSUMMARY has 32 observations and 7 variables.
NOTE: The data set EMWS1.TREE_OUTTOPOLOGY has 9 observations and 5 variables.
NOTE: External file C:\Users\dante\Documents\My SAS 
      Files\9.4\stock3\Workspaces\EMWS1\Tree\TREEFLOW.sas opened.
NOTE: External file C:\Users\dante\Documents\My SAS 
      Files\9.4\stock3\Workspaces\EMWS1\Tree\TREEPUBLISH.sas opened.
NOTE: The data set WORK.FIT_TRAIN has 1 observations and 10 variables.
NOTE: The data set WORK.FIT_VALID has 1 observations and 8 variables.


NOTE: There were 135 observations read from the data set EMWS1.PART_TRAIN.
NOTE: The data set WORK._NAMEDAT has 3 observations and 5 variables.
NOTE: PROCEDURE ARBOR used (Total process time):
      real time           0.08 seconds
      cpu time            0.04 seconds
      


NOTE: There were 1 observations read from the data set EMWS1.TREE_VARIABLESET.
      WHERE ROLE='TARGET';
NOTE: The data set WORK.TEMPTARGET has 1 observations and 21 variables.
NOTE: DATA statement used (Total process time):
      real time           0.00 seconds
      cpu time            0.01 seconds
      


NOTE: There were 1 observations read from the data set WORK.FIT_TRAIN.
NOTE: There were 1 observations read from the data set WORK.FIT_VALID.
NOTE: The data set EMWS1.TREE_EMOUTFIT has 1 observations and 16 variables.
NOTE: DATA statement used (Total process time):
      real time           0.00 seconds
      cpu time            0.01 seconds
      


NOTE: Deleting WORK.FIT_VALID (memtype=DATA).

NOTE: PROCEDURE DATASETS used (Total process time):
      real time           0.00 seconds
      cpu time            0.00 seconds
      


NOTE: Variable cvimportance is uninitialized.
NOTE: Variable nsurrogates is uninitialized.
NOTE: There were 2 observations read from the data set EMWS1.TREE_OUTIMPORT.
NOTE: DATA statement used (Total process time):
      real time           0.00 seconds
      cpu time            0.00 seconds
      


NOTE: There were 3 observations read from the data set EMWS1.TREE_OUTIMPORT.
      WHERE nrules>0;
NOTE: The PROCEDURE PRINT printed page 17.
NOTE: PROCEDURE PRINT used (Total process time):
      real time           0.00 seconds
      cpu time            0.00 seconds
      


NOTE: There were 39 observations read from the data set EMWS1.TREE_OUTPATH.
NOTE: The data set WORK.TEMPOUTPATH has 39 observations and 8 variables.
NOTE: DATA statement used (Total process time):
      real time           0.00 seconds
      cpu time            0.00 seconds
      


NOTE: There were 3 observations read from the data set EMWS1.IDS2_TRADE_FLAG_DM.
      WHERE _TYPE_='PREDICTED';
NOTE: DATA statement used (Total process time):
      real time           0.00 seconds
      cpu time            0.00 seconds
      


NOTE: There were 2 observations read from the data set EMWS1.TREE_OUTNODES.
NOTE: DATA statement used (Total process time):
      real time           0.00 seconds
      cpu time            0.00 seconds
      


NOTE: There were 39 observations read from the data set WORK.TEMPOUTPATH.
NOTE: The data set WORK.TEMPOUTPATH has 39 observations and 8 variables.
NOTE: PROCEDURE SORT used (Total process time):
      real time           0.00 seconds
      cpu time            0.00 seconds
      


NOTE: There were 9 observations read from the data set EMWS1.TREE_OUTNODES.
NOTE: The data set WORK.OUTNODES has 9 observations and 27 variables.
NOTE: PROCEDURE SORT used (Total process time):
      real time           0.01 seconds
      cpu time            0.00 seconds
      


NOTE: There were 39 observations read from the data set WORK.TEMPOUTPATH.
NOTE: There were 9 observations read from the data set WORK.OUTNODES.
NOTE: The data set WORK.TEMPOUTPATH has 39 observations and 12 variables.
NOTE: DATA statement used (Total process time):
      real time           0.01 seconds
      cpu time            0.00 seconds
      


NOTE: There were 39 observations read from the data set WORK.TEMPOUTPATH.
NOTE: The data set WORK.TEMPOUTPATH has 39 observations and 12 variables.
NOTE: PROCEDURE SORT used (Total process time):
      real time           0.00 seconds
      cpu time            0.01 seconds
      


NOTE: Numeric values have been converted to character values at the places given by: 
      (Line):(Column).
      224:176   234:190   380:191   387:195   
NOTE: The file X is:
      
      Filename=C:\Users\dante\Documents\My SAS 
      Files\9.4\stock3\Workspaces\EMWS1\Tree\ENGLISHRULES.txt,
      RECFM=V,LRECL=131068,File Size (bytes)=0,
      Last Modified=12May2019:22:37:00,
      Create Time=12May2019:22:31:59

NOTE: 62 records were written to the file X.
      The minimum record length was 1.
      The maximum record length was 62.
NOTE: There were 39 observations read from the data set WORK.TEMPOUTPATH.
NOTE: DATA statement used (Total process time):
      real time           0.00 seconds
      cpu time            0.00 seconds
      


NOTE: Deleting WORK.TEMPOUTPATH (memtype=DATA).
NOTE: Deleting WORK.OUTNODES (memtype=DATA).

NOTE: PROCEDURE DATASETS used (Total process time):
      real time           0.00 seconds
      cpu time            0.01 seconds
      


NOTE: The data set WORK.EM_USER_REPORT has 132 observations and 4 variables.
NOTE: DATA statement used (Total process time):
      real time           0.02 seconds
      cpu time            0.01 seconds
      

NOTE: Fileref X has been deassigned.

